[github.com/flipped-aurora/gin-vue-admin/server]2021/11/09 - 08:32:13.402	[34minfo[0m	checkin monitor initialize...
[github.com/flipped-aurora/gin-vue-admin/server]2021/11/09 - 08:32:13.402	[34minfo[0m	Run checkin monitor...
[github.com/flipped-aurora/gin-vue-admin/server]2021/11/09 - 08:32:13.402	[34minfo[0m	Create checkin monitor...
[github.com/flipped-aurora/gin-vue-admin/server]2021/11/09 - 08:32:13.402	[34minfo[0m	mileage stat initialize...
[github.com/flipped-aurora/gin-vue-admin/server]2021/11/09 - 08:32:13.403	[34minfo[0m	use middleware logger
[github.com/flipped-aurora/gin-vue-admin/server]2021/11/09 - 08:32:13.403	[34minfo[0m	use middleware cors
[github.com/flipped-aurora/gin-vue-admin/server]2021/11/09 - 08:32:13.403	[34minfo[0m	register swagger handler
[github.com/flipped-aurora/gin-vue-admin/server]2021/11/09 - 08:32:13.404	[34minfo[0m	router register success
[github.com/flipped-aurora/gin-vue-admin/server]2021/11/09 - 08:32:13.405	[34minfo[0m	server run success on 	{"address": ":8888"}
[github.com/flipped-aurora/gin-vue-admin/server]2021/11/09 - 08:49:35.475	[31merror[0m	accept tcp [::]:8888: use of closed network connection
[github.com/flipped-aurora/gin-vue-admin/server]2021/11/09 - 08:51:30.534	[34minfo[0m	checkin monitor initialize...
[github.com/flipped-aurora/gin-vue-admin/server]2021/11/09 - 08:51:30.534	[34minfo[0m	Run checkin monitor...
[github.com/flipped-aurora/gin-vue-admin/server]2021/11/09 - 08:51:30.534	[34minfo[0m	Create checkin monitor...
[github.com/flipped-aurora/gin-vue-admin/server]2021/11/09 - 08:51:30.534	[34minfo[0m	mileage stat initialize...
[github.com/flipped-aurora/gin-vue-admin/server]2021/11/09 - 08:51:30.534	[34minfo[0m	use middleware logger
[github.com/flipped-aurora/gin-vue-admin/server]2021/11/09 - 08:51:30.534	[34minfo[0m	use middleware cors
[github.com/flipped-aurora/gin-vue-admin/server]2021/11/09 - 08:51:30.535	[34minfo[0m	register swagger handler
[github.com/flipped-aurora/gin-vue-admin/server]2021/11/09 - 08:51:30.535	[34minfo[0m	router register success
[github.com/flipped-aurora/gin-vue-admin/server]2021/11/09 - 08:51:30.536	[34minfo[0m	server run success on 	{"address": ":8888"}
[github.com/flipped-aurora/gin-vue-admin/server]2021/11/09 - 08:53:39.010	[31merror[0m	accept tcp [::]:8888: use of closed network connection
[github.com/flipped-aurora/gin-vue-admin/server]2021/11/09 - 08:56:46.895	[34minfo[0m	register table success
[github.com/flipped-aurora/gin-vue-admin/server]2021/11/09 - 08:56:46.896	[34minfo[0m	checkin monitor initialize...
[github.com/flipped-aurora/gin-vue-admin/server]2021/11/09 - 08:56:46.896	[34minfo[0m	Run checkin monitor...
[github.com/flipped-aurora/gin-vue-admin/server]2021/11/09 - 08:56:46.896	[34minfo[0m	Create checkin monitor...
[github.com/flipped-aurora/gin-vue-admin/server]2021/11/09 - 08:56:46.896	[34minfo[0m	mileage stat initialize...
[github.com/flipped-aurora/gin-vue-admin/server]2021/11/09 - 08:56:46.896	[34minfo[0m	use middleware logger
[github.com/flipped-aurora/gin-vue-admin/server]2021/11/09 - 08:56:46.896	[34minfo[0m	use middleware cors
[github.com/flipped-aurora/gin-vue-admin/server]2021/11/09 - 08:56:46.897	[34minfo[0m	register swagger handler
[github.com/flipped-aurora/gin-vue-admin/server]2021/11/09 - 08:56:46.899	[34minfo[0m	router register success
[github.com/flipped-aurora/gin-vue-admin/server]2021/11/09 - 08:56:46.899	[34minfo[0m	server run success on 	{"address": ":8888"}
[github.com/flipped-aurora/gin-vue-admin/server]2021/11/09 - 08:59:59.289	[31merror[0m	accept tcp [::]:8888: use of closed network connection
[github.com/flipped-aurora/gin-vue-admin/server]2021/11/09 - 09:01:04.359	[34minfo[0m	register table success
[github.com/flipped-aurora/gin-vue-admin/server]2021/11/09 - 09:01:04.361	[34minfo[0m	checkin monitor initialize...
[github.com/flipped-aurora/gin-vue-admin/server]2021/11/09 - 09:01:04.361	[34minfo[0m	Run checkin monitor...
[github.com/flipped-aurora/gin-vue-admin/server]2021/11/09 - 09:01:04.361	[34minfo[0m	Create checkin monitor...
[github.com/flipped-aurora/gin-vue-admin/server]2021/11/09 - 09:01:04.361	[34minfo[0m	mileage stat initialize...
[github.com/flipped-aurora/gin-vue-admin/server]2021/11/09 - 09:01:04.361	[34minfo[0m	use middleware logger
[github.com/flipped-aurora/gin-vue-admin/server]2021/11/09 - 09:01:04.361	[34minfo[0m	use middleware cors
[github.com/flipped-aurora/gin-vue-admin/server]2021/11/09 - 09:01:04.361	[34minfo[0m	register swagger handler
[github.com/flipped-aurora/gin-vue-admin/server]2021/11/09 - 09:01:04.363	[34minfo[0m	router register success
[github.com/flipped-aurora/gin-vue-admin/server]2021/11/09 - 09:01:04.364	[34minfo[0m	server run success on 	{"address": ":8888"}
[github.com/flipped-aurora/gin-vue-admin/server]2021/11/09 - 09:02:44.161	[31merror[0m	accept tcp [::]:8888: use of closed network connection
[github.com/flipped-aurora/gin-vue-admin/server]2021/11/09 - 09:07:10.183	[34minfo[0m	register table success
[github.com/flipped-aurora/gin-vue-admin/server]2021/11/09 - 09:07:10.184	[34minfo[0m	checkin monitor initialize...
[github.com/flipped-aurora/gin-vue-admin/server]2021/11/09 - 09:07:10.184	[34minfo[0m	Run checkin monitor...
[github.com/flipped-aurora/gin-vue-admin/server]2021/11/09 - 09:07:10.184	[34minfo[0m	Create checkin monitor...
[github.com/flipped-aurora/gin-vue-admin/server]2021/11/09 - 09:07:10.184	[34minfo[0m	mileage stat initialize...
[github.com/flipped-aurora/gin-vue-admin/server]2021/11/09 - 09:07:10.184	[34minfo[0m	use middleware logger
[github.com/flipped-aurora/gin-vue-admin/server]2021/11/09 - 09:07:10.184	[34minfo[0m	use middleware cors
[github.com/flipped-aurora/gin-vue-admin/server]2021/11/09 - 09:07:10.184	[34minfo[0m	register swagger handler
[github.com/flipped-aurora/gin-vue-admin/server]2021/11/09 - 09:07:10.185	[34minfo[0m	router register success
[github.com/flipped-aurora/gin-vue-admin/server]2021/11/09 - 09:07:10.185	[34minfo[0m	server run success on 	{"address": ":8888"}
[github.com/flipped-aurora/gin-vue-admin/server]2021/11/09 - 09:10:26.907	[31merror[0m	accept tcp [::]:8888: use of closed network connection
[github.com/flipped-aurora/gin-vue-admin/server]2021/11/09 - 09:10:33.127	[34minfo[0m	register table success
[github.com/flipped-aurora/gin-vue-admin/server]2021/11/09 - 09:10:33.128	[34minfo[0m	checkin monitor initialize...
[github.com/flipped-aurora/gin-vue-admin/server]2021/11/09 - 09:10:33.128	[34minfo[0m	Run checkin monitor...
[github.com/flipped-aurora/gin-vue-admin/server]2021/11/09 - 09:10:33.128	[34minfo[0m	Create checkin monitor...
[github.com/flipped-aurora/gin-vue-admin/server]2021/11/09 - 09:10:33.128	[34minfo[0m	mileage stat initialize...
[github.com/flipped-aurora/gin-vue-admin/server]2021/11/09 - 09:10:33.129	[34minfo[0m	use middleware logger
[github.com/flipped-aurora/gin-vue-admin/server]2021/11/09 - 09:10:33.129	[34minfo[0m	use middleware cors
[github.com/flipped-aurora/gin-vue-admin/server]2021/11/09 - 09:10:33.129	[34minfo[0m	register swagger handler
[github.com/flipped-aurora/gin-vue-admin/server]2021/11/09 - 09:10:33.132	[34minfo[0m	router register success
[github.com/flipped-aurora/gin-vue-admin/server]2021/11/09 - 09:10:33.132	[34minfo[0m	server run success on 	{"address": ":8888"}
[github.com/flipped-aurora/gin-vue-admin/server]2021/11/09 - 09:15:01.165	[31merror[0m	accept tcp [::]:8888: use of closed network connection
[github.com/flipped-aurora/gin-vue-admin/server]2021/11/09 - 09:15:06.385	[34minfo[0m	register table success
[github.com/flipped-aurora/gin-vue-admin/server]2021/11/09 - 09:15:06.386	[34minfo[0m	checkin monitor initialize...
[github.com/flipped-aurora/gin-vue-admin/server]2021/11/09 - 09:15:06.386	[34minfo[0m	Run checkin monitor...
[github.com/flipped-aurora/gin-vue-admin/server]2021/11/09 - 09:15:06.386	[34minfo[0m	Create checkin monitor...
[github.com/flipped-aurora/gin-vue-admin/server]2021/11/09 - 09:15:06.386	[34minfo[0m	mileage stat initialize...
[github.com/flipped-aurora/gin-vue-admin/server]2021/11/09 - 09:15:06.386	[34minfo[0m	use middleware logger
[github.com/flipped-aurora/gin-vue-admin/server]2021/11/09 - 09:15:06.386	[34minfo[0m	use middleware cors
[github.com/flipped-aurora/gin-vue-admin/server]2021/11/09 - 09:15:06.386	[34minfo[0m	register swagger handler
[github.com/flipped-aurora/gin-vue-admin/server]2021/11/09 - 09:15:06.388	[34minfo[0m	router register success
[github.com/flipped-aurora/gin-vue-admin/server]2021/11/09 - 09:15:06.389	[34minfo[0m	server run success on 	{"address": ":8888"}
[github.com/flipped-aurora/gin-vue-admin/server]2021/11/09 - 09:16:36.274	[31merror[0m	ç™»é™†å¤±è´¥! ç”¨æˆ·åä¸å­˜åœ¨æˆ–è€…å¯†ç é”™è¯¯!	{"err": "record not found"}
[github.com/flipped-aurora/gin-vue-admin/server]2021/11/09 - 09:18:41.408	[31merror[0m	accept tcp [::]:8888: use of closed network connection
[github.com/flipped-aurora/gin-vue-admin/server]2021/11/09 - 09:18:45.211	[34minfo[0m	register table success
[github.com/flipped-aurora/gin-vue-admin/server]2021/11/09 - 09:18:45.212	[34minfo[0m	checkin monitor initialize...
[github.com/flipped-aurora/gin-vue-admin/server]2021/11/09 - 09:18:45.212	[34minfo[0m	Run checkin monitor...
[github.com/flipped-aurora/gin-vue-admin/server]2021/11/09 - 09:18:45.212	[34minfo[0m	Create checkin monitor...
[github.com/flipped-aurora/gin-vue-admin/server]2021/11/09 - 09:18:45.212	[34minfo[0m	mileage stat initialize...
[github.com/flipped-aurora/gin-vue-admin/server]2021/11/09 - 09:18:45.212	[34minfo[0m	use middleware logger
[github.com/flipped-aurora/gin-vue-admin/server]2021/11/09 - 09:18:45.212	[34minfo[0m	use middleware cors
[github.com/flipped-aurora/gin-vue-admin/server]2021/11/09 - 09:18:45.213	[34minfo[0m	register swagger handler
[github.com/flipped-aurora/gin-vue-admin/server]2021/11/09 - 09:18:45.218	[34minfo[0m	router register success
[github.com/flipped-aurora/gin-vue-admin/server]2021/11/09 - 09:18:45.218	[34minfo[0m	server run success on 	{"address": ":8888"}
[github.com/flipped-aurora/gin-vue-admin/server]2021/11/09 - 09:58:03.924	[31merror[0m	accept tcp [::]:8888: use of closed network connection
[github.com/flipped-aurora/gin-vue-admin/server]2021/11/09 - 09:58:08.567	[34minfo[0m	register table success
[github.com/flipped-aurora/gin-vue-admin/server]2021/11/09 - 09:58:08.568	[34minfo[0m	checkin monitor initialize...
[github.com/flipped-aurora/gin-vue-admin/server]2021/11/09 - 09:58:08.568	[34minfo[0m	Run checkin monitor...
[github.com/flipped-aurora/gin-vue-admin/server]2021/11/09 - 09:58:08.568	[34minfo[0m	Create checkin monitor...
[github.com/flipped-aurora/gin-vue-admin/server]2021/11/09 - 09:58:08.568	[34minfo[0m	mileage stat initialize...
[github.com/flipped-aurora/gin-vue-admin/server]2021/11/09 - 09:58:08.569	[34minfo[0m	use middleware logger
[github.com/flipped-aurora/gin-vue-admin/server]2021/11/09 - 09:58:08.569	[34minfo[0m	use middleware cors
[github.com/flipped-aurora/gin-vue-admin/server]2021/11/09 - 09:58:08.569	[34minfo[0m	register swagger handler
[github.com/flipped-aurora/gin-vue-admin/server]2021/11/09 - 09:58:08.571	[34minfo[0m	router register success
[github.com/flipped-aurora/gin-vue-admin/server]2021/11/09 - 09:58:08.571	[34minfo[0m	server run success on 	{"address": ":8888"}
[github.com/flipped-aurora/gin-vue-admin/server]2021/11/09 - 09:59:27.065	[31merror[0m	accept tcp [::]:8888: use of closed network connection
[github.com/flipped-aurora/gin-vue-admin/server]2021/11/09 - 10:03:52.052	[34minfo[0m	register table success
[github.com/flipped-aurora/gin-vue-admin/server]2021/11/09 - 10:03:52.053	[34minfo[0m	checkin monitor initialize...
[github.com/flipped-aurora/gin-vue-admin/server]2021/11/09 - 10:03:52.053	[34minfo[0m	Run checkin monitor...
[github.com/flipped-aurora/gin-vue-admin/server]2021/11/09 - 10:03:52.053	[34minfo[0m	Create checkin monitor...
[github.com/flipped-aurora/gin-vue-admin/server]2021/11/09 - 10:03:52.053	[34minfo[0m	mileage stat initialize...
[github.com/flipped-aurora/gin-vue-admin/server]2021/11/09 - 10:03:52.054	[34minfo[0m	use middleware logger
[github.com/flipped-aurora/gin-vue-admin/server]2021/11/09 - 10:03:52.054	[34minfo[0m	use middleware cors
[github.com/flipped-aurora/gin-vue-admin/server]2021/11/09 - 10:03:52.054	[34minfo[0m	register swagger handler
[github.com/flipped-aurora/gin-vue-admin/server]2021/11/09 - 10:03:52.057	[34minfo[0m	router register success
[github.com/flipped-aurora/gin-vue-admin/server]2021/11/09 - 10:03:52.057	[34minfo[0m	server run success on 	{"address": ":8888"}
